
C:\Users\redad\OneDrive\Bureau\one-piece-tcg-finary\app\(dashboard)\allocation\AllocationClient.tsx
   23:49  error  Unexpected any. Specify a different type                                                                                                                                                                                                                                                                                                                                                                                                                                                                                                                                                                                                                                                                                                                                                                                                                                                                                                                                                                                                                                                                                                                                                                                                                                                                                                                                                                                                                                                              @typescript-eslint/no-explicit-any
   67:52  error  Error: Cannot create components during render

Components created during render will reset their state each time they are created. Declare components outside of render.

C:\Users\redad\OneDrive\Bureau\one-piece-tcg-finary\app\(dashboard)\allocation\AllocationClient.tsx:67:52
  65 |                                     ))}
  66 |                                 </Pie>
> 67 |                                 <Tooltip content={<CustomTooltip />} />
     |                                                    ^^^^^^^^^^^^^ This component is created during render
  68 |                             </PieChart>
  69 |                         </ResponsiveContainer>
  70 |                     </div>

C:\Users\redad\OneDrive\Bureau\one-piece-tcg-finary\app\(dashboard)\allocation\AllocationClient.tsx:23:27
  21 |     }
  22 |
> 23 |     const CustomTooltip = ({ active, payload }: any) => {
     |                           ^^^^^^^^^^^^^^^^^^^^^^^^^^^^^^^
> 24 |         if (active && payload && payload.length) {
     | ^^^^^^^^^^^^^^^^^^^^^^^^^^^^^^^^^^^^^^^^^^^^^^^^^^
> 25 |             return (
     …
     | ^^^^^^^^^^^^^^^^^^^^^^^^^^^^^^^^^^^^^^^^^^^^^^^^^^
> 34 |         return null;
     | ^^^^^^^^^^^^^^^^^^^^^^^^^^^^^^^^^^^^^^^^^^^^^^^^^^
> 35 |     };
     | ^^^^^^ The component is created during render here
  36 |
  37 |     return (
  38 |         <main className="flex-1 md:ml-64 p-8 overflow-y-auto w-full pb-20 md:pb-8">          react-hooks/static-components
  100:52  error  Error: Cannot create components during render

Components created during render will reset their state each time they are created. Declare components outside of render.

C:\Users\redad\OneDrive\Bureau\one-piece-tcg-finary\app\(dashboard)\allocation\AllocationClient.tsx:100:52
   98 |                                     ))}
   99 |                                 </Pie>
> 100 |                                 <Tooltip content={<CustomTooltip />} />
      |                                                    ^^^^^^^^^^^^^ This component is created during render
  101 |                             </PieChart>
  102 |                         </ResponsiveContainer>
  103 |                     </div>

C:\Users\redad\OneDrive\Bureau\one-piece-tcg-finary\app\(dashboard)\allocation\AllocationClient.tsx:23:27
  21 |     }
  22 |
> 23 |     const CustomTooltip = ({ active, payload }: any) => {
     |                           ^^^^^^^^^^^^^^^^^^^^^^^^^^^^^^^
> 24 |         if (active && payload && payload.length) {
     | ^^^^^^^^^^^^^^^^^^^^^^^^^^^^^^^^^^^^^^^^^^^^^^^^^^
> 25 |             return (
     …
     | ^^^^^^^^^^^^^^^^^^^^^^^^^^^^^^^^^^^^^^^^^^^^^^^^^^
> 34 |         return null;
     | ^^^^^^^^^^^^^^^^^^^^^^^^^^^^^^^^^^^^^^^^^^^^^^^^^^
> 35 |     };
     | ^^^^^^ The component is created during render here
  36 |
  37 |     return (
  38 |         <main className="flex-1 md:ml-64 p-8 overflow-y-auto w-full pb-20 md:pb-8">  react-hooks/static-components
  127:56  error  Unexpected any. Specify a different type                                                                                                                                                                                                                                                                                                                                                                                                                                                                                                                                                                                                                                                                                                                                                                                                                                                                                                                                                                                                                                                                                                                                                                                                                                                                                                                                                                                                                                                              @typescript-eslint/no-explicit-any
  147:56  error  Unexpected any. Specify a different type                                                                                                                                                                                                                                                                                                                                                                                                                                                                                                                                                                                                                                                                                                                                                                                                                                                                                                                                                                                                                                                                                                                                                                                                                                                                                                                                                                                                                                                              @typescript-eslint/no-explicit-any

C:\Users\redad\OneDrive\Bureau\one-piece-tcg-finary\app\(dashboard)\cards\CardsCatalogClient.tsx
  57:19  error    Error: Calling setState from useMemo may trigger an infinite loop

Each time the memo callback is evaluated it will change state. This can cause a memoization dependency to change, running the memo function again and causing an infinite loop. Instead of setting state in useMemo(), prefer deriving the value during render. (https://react.dev/reference/react/useState).

C:\Users\redad\OneDrive\Bureau\one-piece-tcg-finary\app\(dashboard)\cards\CardsCatalogClient.tsx:57:19
  55 |
  56 |     // Reset page when filters change
> 57 |     useMemo(() => setPage(1), [query, selectedSet, selectedColor, selectedRarity, selectedType]);
     |                   ^^^^^^^ Found setState() within useMemo()
  58 |
  59 |     const hasActiveFilters = selectedSet || selectedColor || selectedRarity || selectedType;
  60 |  react-hooks/set-state-in-render
  57:31  warning  React Hook useMemo has unnecessary dependencies: 'query', 'selectedColor', 'selectedRarity', 'selectedSet', and 'selectedType'. Either exclude them or remove the dependency array                                                                                                                                                                                                                                                                                                                                                                                                                                                                                                                                                                                                                                                          react-hooks/exhaustive-deps

C:\Users\redad\OneDrive\Bureau\one-piece-tcg-finary\app\(dashboard)\cards\[id]\CardDetailClient.tsx
  189:64  error  Unexpected any. Specify a different type  @typescript-eslint/no-explicit-any

C:\Users\redad\OneDrive\Bureau\one-piece-tcg-finary\app\(dashboard)\performance\PerformanceClient.tsx
    9:10  warning  'InsightCard' is defined but never used   @typescript-eslint/no-unused-vars
  106:52  error    Unexpected any. Specify a different type  @typescript-eslint/no-explicit-any

C:\Users\redad\OneDrive\Bureau\one-piece-tcg-finary\app\(dashboard)\portfolio\PortfolioClient.tsx
    6:8   warning  'Image' is defined but never used                  @typescript-eslint/no-unused-vars
   15:10  warning  'useRouter' is defined but never used              @typescript-eslint/no-unused-vars
   35:54  error    Unexpected any. Specify a different type           @typescript-eslint/no-explicit-any
   52:23  error    Unexpected any. Specify a different type           @typescript-eslint/no-explicit-any
   53:23  error    Unexpected any. Specify a different type           @typescript-eslint/no-explicit-any
  203:21  warning  'successCount' is assigned a value but never used  @typescript-eslint/no-unused-vars

C:\Users\redad\OneDrive\Bureau\one-piece-tcg-finary\app\(dashboard)\settings\SettingsClient.tsx
  22:23  warning  'displayName' is assigned a value but never used  @typescript-eslint/no-unused-vars
  77:25  error    Unexpected any. Specify a different type          @typescript-eslint/no-explicit-any
  92:18  warning  'error' is defined but never used                 @typescript-eslint/no-unused-vars

C:\Users\redad\OneDrive\Bureau\one-piece-tcg-finary\app\api\cron\update-prices\route.ts
  19:14  warning  'error' is defined but never used  @typescript-eslint/no-unused-vars

C:\Users\redad\OneDrive\Bureau\one-piece-tcg-finary\auth.ts
  40:26  warning  'error' is defined but never used  @typescript-eslint/no-unused-vars

C:\Users\redad\OneDrive\Bureau\one-piece-tcg-finary\components\cards\CardSearch.tsx
  8:10  warning  'cn' is defined but never used  @typescript-eslint/no-unused-vars

C:\Users\redad\OneDrive\Bureau\one-piece-tcg-finary\components\cards\ConvertToPortfolioModal.tsx
  51:18  warning  'error' is defined but never used  @typescript-eslint/no-unused-vars

C:\Users\redad\OneDrive\Bureau\one-piece-tcg-finary\components\cards\EditPortfolioItemModal.tsx
  58:18  warning  'error' is defined but never used  @typescript-eslint/no-unused-vars

C:\Users\redad\OneDrive\Bureau\one-piece-tcg-finary\components\dashboard\DashboardClient.tsx
  12:10  warning  'format' is defined but never used   @typescript-eslint/no-unused-vars
  12:18  warning  'subDays' is defined but never used  @typescript-eslint/no-unused-vars
  13:8   warning  'Image' is defined but never used    @typescript-eslint/no-unused-vars

C:\Users\redad\OneDrive\Bureau\one-piece-tcg-finary\components\dashboard\PortfolioSummary.tsx
  6:10  warning  'motion' is defined but never used  @typescript-eslint/no-unused-vars

C:\Users\redad\OneDrive\Bureau\one-piece-tcg-finary\lib\actions\allocation.ts
  76:21  error  Unexpected any. Specify a different type  @typescript-eslint/no-explicit-any

C:\Users\redad\OneDrive\Bureau\one-piece-tcg-finary\lib\actions\auth-actions.ts
   8:43  error  Unexpected any. Specify a different type  @typescript-eslint/no-explicit-any
  51:40  error  Unexpected any. Specify a different type  @typescript-eslint/no-explicit-any

C:\Users\redad\OneDrive\Bureau\one-piece-tcg-finary\lib\actions\history.ts
  5:27  warning  'startOfDay' is defined but never used  @typescript-eslint/no-unused-vars

C:\Users\redad\OneDrive\Bureau\one-piece-tcg-finary\lib\actions\performance.ts
   44:11  warning  'thirtyDaysAgo' is assigned a value but never used  @typescript-eslint/no-unused-vars
  160:11  warning  'sortedMovers' is assigned a value but never used   @typescript-eslint/no-unused-vars
  191:12  error    Unexpected any. Specify a different type            @typescript-eslint/no-explicit-any
  193:13  error    Unexpected any. Specify a different type            @typescript-eslint/no-explicit-any
  201:26  error    Unexpected any. Specify a different type            @typescript-eslint/no-explicit-any
  219:11  warning  'topGainer' is assigned a value but never used      @typescript-eslint/no-unused-vars
  226:41  error    Unexpected any. Specify a different type            @typescript-eslint/no-explicit-any
  226:79  error    Unexpected any. Specify a different type            @typescript-eslint/no-explicit-any
  226:87  error    Unexpected any. Specify a different type            @typescript-eslint/no-explicit-any
  238:42  error    Unexpected any. Specify a different type            @typescript-eslint/no-explicit-any
  238:80  error    Unexpected any. Specify a different type            @typescript-eslint/no-explicit-any
  238:88  error    Unexpected any. Specify a different type            @typescript-eslint/no-explicit-any

C:\Users\redad\OneDrive\Bureau\one-piece-tcg-finary\lib\actions\user.ts
  18:27  error  Unexpected any. Specify a different type  @typescript-eslint/no-explicit-any

C:\Users\redad\OneDrive\Bureau\one-piece-tcg-finary\next.config.ts
  1:15  warning  'NextConfig' is defined but never used  @typescript-eslint/no-unused-vars

C:\Users\redad\OneDrive\Bureau\one-piece-tcg-finary\scripts\seed-cards.ts
  158:15  warning  'result' is assigned a value but never used  @typescript-eslint/no-unused-vars

✖ 47 problems (25 errors, 22 warnings)

